[debug] [2018-06-27T13:44:45.075Z] ----------------------------------------------------------------------
[debug] [2018-06-27T13:44:45.075Z] Command:       C:\Program Files\nodejs\node.exe C:\Users\May Thu Tun\AppData\Roaming\npm\node_modules\firebase-tools\bin\firebase init database
[debug] [2018-06-27T13:44:45.075Z] CLI Version:   3.19.1
[debug] [2018-06-27T13:44:45.075Z] Platform:      win32
[debug] [2018-06-27T13:44:45.075Z] Node Version:  v8.11.3
[debug] [2018-06-27T13:44:45.075Z] Time:          Wed Jun 27 2018 06:44:45 GMT-0700 (Pacific Daylight Time)
[debug] [2018-06-27T13:44:45.075Z] ----------------------------------------------------------------------
[debug] 
[debug] [2018-06-27T13:44:45.122Z] > command requires scopes: ["email","openid","https://www.googleapis.com/auth/cloudplatformprojects.readonly","https://www.googleapis.com/auth/firebase"]
[debug] [2018-06-27T13:44:45.122Z] > authorizing via signed-in user
[info] 
     ######## #### ########  ######## ########     ###     ######  ########
     ##        ##  ##     ## ##       ##     ##  ##   ##  ##       ##
     ######    ##  ########  ######   ########  #########  ######  ######
     ##        ##  ##    ##  ##       ##     ## ##     ##       ## ##
     ##       #### ##     ## ######## ########  ##     ##  ######  ########

You're about to initialize a Firebase project in this directory:

  C:\Users\May Thu Tun

Before we get started, keep in mind:

  * You are initializing in an existing Firebase project directory

[info] 
=== Project Setup
[info] 
[info] First, let's associate this project directory with a Firebase project.
[info] You can create multiple project aliases by running firebase use --add, 
[info] but for now we'll just set up a default project.
[info] 
[debug] [2018-06-27T13:44:47.075Z] > refreshing access token with scopes: ["email","https://www.googleapis.com/auth/cloudplatformprojects.readonly","https://www.googleapis.com/auth/firebase","openid"]
[debug] [2018-06-27T13:44:47.075Z] >>> HTTP REQUEST POST https://www.googleapis.com/oauth2/v3/token  
 { refresh_token: '1/6bzjuFEFnnE4W_G7O8EAVt_-oPLmMclBIj1vmhxnKtc',
  client_id: '563584335869-fgrhgmd47bqnekij5i8b5pr03ho849e6.apps.googleusercontent.com',
  client_secret: 'j9iVZfS8kkCEFUPaAeJV0sAi',
  grant_type: 'refresh_token',
  scope: 'email https://www.googleapis.com/auth/cloudplatformprojects.readonly https://www.googleapis.com/auth/firebase openid' } 
 Wed Jun 27 2018 06:44:47 GMT-0700 (Pacific Daylight Time)
[debug] [2018-06-27T13:44:47.638Z] <<< HTTP RESPONSE 200
[debug] [2018-06-27T13:44:47.731Z] >>> HTTP REQUEST GET https://admin.firebase.com/v1/projects  
  
 Wed Jun 27 2018 06:44:47 GMT-0700 (Pacific Daylight Time)
[debug] [2018-06-27T13:44:49.231Z] <<< HTTP RESPONSE 200
[info] i  .firebaserc already has a default project, skipping
[info] 
=== Database Setup
[info] 
[info] Firebase Realtime Database Rules allow you to define how your data should be
[info] structured and when your data can be read from and written to.
[info] 
[debug] [2018-06-27T13:44:54.247Z] Error: EISDIR: illegal operation on a directory, open 'C:\Users\May Thu Tun\y'
    at Object.fs.openSync (fs.js:646:18)
    at Object.fs.writeFileSync (fs.js:1299:33)
    at Config.writeProjectFile (C:\Users\May Thu Tun\AppData\Roaming\npm\node_modules\firebase-tools\lib\config.js:195:6)
    at C:\Users\May Thu Tun\AppData\Roaming\npm\node_modules\firebase-tools\lib\init\features\database.js:33:21
    at <anonymous>
    at process._tickDomainCallback (internal/process/next_tick.js:228:7)
[error] 
[error] Error: An unexpected error has occurred.
